barCodeTest/build/outputs/logs/manifest-merger-debug-report.txt
-- Merging decision tree log ---
manifest
ADDED from src\main\AndroidManifest.xml:2:1-15:12
INJECTED from src\main\AndroidManifest.xml:2:1-15:12
INJECTED from src\main\AndroidManifest.xml:2:1-15:12
INJECTED from src\main\AndroidManifest.xml:2:1-15:12
INJECTED from src\main\AndroidManifest.xml:2:1-15:12
INJECTED from src\main\AndroidManifest.xml:2:1-15:12
INJECTED from src\main\AndroidManifest.xml:2:1-15:12
	package
		ADDED from src\main\AndroidManifest.xml:3:5-31
		INJECTED from src\main\AndroidManifest.xml
		INJECTED from src\main\AndroidManifest.xml
	android:versionName
		ADDED from src\main\AndroidManifest.xml:5:5-30
		INJECTED from src\main\AndroidManifest.xml
		INJECTED from src\main\AndroidManifest.xml
	xmlns:android
		ADDED from src\main\AndroidManifest.xml:2:11-69
	android:versionCode
		ADDED from src\main\AndroidManifest.xml:4:5-28
		INJECTED from src\main\AndroidManifest.xml
		INJECTED from src\main\AndroidManifest.xml
uses-sdk
ADDED from src\main\AndroidManifest.xml:7:5-43
INJECTED from src\main\AndroidManifest.xml:7:5-43
INJECTED from src\main\AndroidManifest.xml:7:5-43
INJECTED from src\main\AndroidManifest.xml:7:5-43
INJECTED from src\main\AndroidManifest.xml:7:5-43
	android:targetSdkVersion
		INJECTED from src\main\AndroidManifest.xml
		ADDED from src\main\AndroidManifest.xml:7:5-43
		INJECTED from src\main\AndroidManifest.xml
	android:minSdkVersion
		ADDED from src\main\AndroidManifest.xml:7:15-40
		INJECTED from src\main\AndroidManifest.xml
		INJECTED from src\main\AndroidManifest.xml
uses-permission#android.permission.WRITE_EXTERNAL_STORAGE
ADDED from src\main\AndroidManifest.xml:8:5-80
	android:name
		ADDED from src\main\AndroidManifest.xml:8:22-78
uses-permission#android.permission.MOUNT_UNMOUNT_FILESYSTEMS
ADDED from src\main\AndroidManifest.xml:9:2-80
	android:name
		ADDED from src\main\AndroidManifest.xml:9:19-78
uses-permission#android.permission.VIBRATE
ADDED from src\main\AndroidManifest.xml:10:5-66
	android:name
		ADDED from src\main\AndroidManifest.xml:10:22-63
uses-permission#android.permission.CAMERA
ADDED from src\main\AndroidManifest.xml:11:5-65
	android:name
		ADDED from src\main\AndroidManifest.xml:11:22-62
uses-feature#android.hardware.camera
ADDED from src\main\AndroidManifest.xml:12:5-60
	android:name
		ADDED from src\main\AndroidManifest.xml:12:19-57
uses-feature#android.hardware.camera.autofocus
ADDED from src\main\AndroidManifest.xml:13:5-70
	android:name
		ADDED from src\main\AndroidManifest.xml:13:19-67